TN:
SF:src/clases/revista.ts
FN:22,(anonymous_0)
FN:34,(anonymous_1)
FN:42,(anonymous_2)
FN:50,(anonymous_3)
FN:58,(anonymous_4)
FN:62,(anonymous_5)
FN:66,(anonymous_6)
FN:74,(anonymous_7)
FN:83,(anonymous_8)
FN:84,(anonymous_9)
FN:87,(anonymous_10)
FNF:11
FNH:11
FNDA:10,(anonymous_0)
FNDA:5,(anonymous_1)
FNDA:10,(anonymous_2)
FNDA:1,(anonymous_3)
FNDA:1,(anonymous_4)
FNDA:2,(anonymous_5)
FNDA:5,(anonymous_6)
FNDA:2,(anonymous_7)
FNDA:2,(anonymous_8)
FNDA:1,(anonymous_9)
FNDA:2,(anonymous_10)
DA:7,1
DA:8,10
DA:23,10
DA:24,10
DA:25,10
DA:26,10
DA:35,5
DA:43,10
DA:51,1
DA:59,1
DA:63,2
DA:67,5
DA:68,1
DA:70,4
DA:75,2
DA:76,2
DA:77,1
DA:79,1
DA:84,2
DA:88,2
DA:89,2
LF:21
LH:21
BRDA:67,0,0,1
BRDA:67,0,1,4
BRDA:76,1,0,1
BRDA:76,1,1,1
BRF:4
BRH:4
end_of_record
TN:
SF:src/clases/suscriptor.ts
FN:9,(anonymous_0)
FN:14,(anonymous_1)
FN:18,(anonymous_2)
FN:22,(anonymous_3)
FNF:4
FNH:4
FNDA:7,(anonymous_0)
FNDA:1,(anonymous_1)
FNDA:1,(anonymous_2)
FNDA:2,(anonymous_3)
DA:3,1
DA:5,1
DA:10,7
DA:11,7
DA:15,1
DA:19,1
DA:23,2
DA:24,2
DA:25,2
DA:28,0
LF:10
LH:9
BRDA:23,0,0,2
BRDA:23,0,1,0
BRF:2
BRH:1
end_of_record
