TN:
SF:src/clases/revista.ts
FN:12,(anonymous_0)
FN:20,(anonymous_1)
FN:24,(anonymous_2)
FN:28,(anonymous_3)
FN:32,(anonymous_4)
FN:36,(anonymous_5)
FN:40,(anonymous_6)
FN:48,(anonymous_7)
FN:57,(anonymous_8)
FN:58,(anonymous_9)
FN:61,(anonymous_10)
FNF:11
FNH:11
FNDA:10,(anonymous_0)
FNDA:5,(anonymous_1)
FNDA:10,(anonymous_2)
FNDA:1,(anonymous_3)
FNDA:1,(anonymous_4)
FNDA:2,(anonymous_5)
FNDA:5,(anonymous_6)
FNDA:2,(anonymous_7)
FNDA:2,(anonymous_8)
FNDA:1,(anonymous_9)
FNDA:2,(anonymous_10)
DA:4,1
DA:5,10
DA:13,10
DA:14,10
DA:15,10
DA:16,10
DA:21,5
DA:25,10
DA:29,1
DA:33,1
DA:37,2
DA:41,5
DA:42,1
DA:44,4
DA:49,2
DA:50,2
DA:51,1
DA:53,1
DA:58,2
DA:62,2
DA:63,2
LF:21
LH:21
BRDA:41,0,0,1
BRDA:41,0,1,4
BRDA:50,1,0,1
BRDA:50,1,1,1
BRF:4
BRH:4
end_of_record
TN:
SF:src/clases/suscriptor.ts
FN:9,(anonymous_0)
FN:14,(anonymous_1)
FN:18,(anonymous_2)
FN:22,(anonymous_3)
FNF:4
FNH:4
FNDA:7,(anonymous_0)
FNDA:1,(anonymous_1)
FNDA:1,(anonymous_2)
FNDA:2,(anonymous_3)
DA:3,1
DA:5,1
DA:10,7
DA:11,7
DA:15,1
DA:19,1
DA:23,2
DA:24,2
DA:25,2
DA:28,0
LF:10
LH:9
BRDA:23,0,0,2
BRDA:23,0,1,0
BRF:2
BRH:1
end_of_record
